Release 14.5 - ngc2edif P.58f (nt64)
Copyright (c) 1995-2012 Xilinx, Inc.  All rights reserved.
Reading design inout_logic_cw.ngc ...
Processing design ...
   Preping design's networks ...
   Preping design's macros ...
  finished :Prep
Writing EDIF netlist file inout_logic_cw.edif ...
ngc2edif: Total memory usage is 76444 kilobytes

Release 14.5 - ngc2edif P.58f (nt64)
Copyright (c) 1995-2012 Xilinx, Inc.  All rights reserved.
Reading design user_logic_cw.ngc ...
Processing design ...
   Preping design's networks ...
   Preping design's macros ...
WARNING:NetListWriters:306 - Signal bus U0/U_ICON/iCORE_ID_SEL(15 : 0) on block
   icon_1_06_a_87e2f476e984e565 is not reconstructed, because there are some
   missing bus signals.
WARNING:NetListWriters:306 - Signal bus
   U0/I_NO_D.U_ILA/U_RST/U_HALT_XFER/iDOUT_dly(2 : 0) on block
   ila_1_05_a_b6735eb4b876dee5 is not reconstructed, because there are some
   missing bus signals.
WARNING:NetListWriters:306 - Signal bus
   U0/I_NO_D.U_ILA/U_RST/U_ARM_XFER/iDOUT_dly(4 : 0) on block
   ila_1_05_a_b6735eb4b876dee5 is not reconstructed, because there are some
   missing bus signals.
  finished :Prep
Writing EDIF netlist file user_logic_cw.edif ...
ngc2edif: Total memory usage is 82588 kilobytes

Release 14.5 - ngc2edif P.58f (nt64)
Copyright (c) 1995-2012 Xilinx, Inc.  All rights reserved.
Reading design v6_sfifo_15x128.ngc ...
WARNING:NetListWriters:298 - No output is written to v6_sfifo_15x128.xncf,
   ignored.
Processing design ...
   Preping design's networks ...
   Preping design's macros ...
  finished :Prep
Writing EDIF netlist file v6_sfifo_15x128.edif ...
ngc2edif: Total memory usage is 76124 kilobytes

Release 14.5 - ngc2edif P.58f (nt64)
Copyright (c) 1995-2012 Xilinx, Inc.  All rights reserved.
Reading design v6_mBuf_128x72.ngc ...
WARNING:NetListWriters:298 - No output is written to v6_mBuf_128x72.xncf,
   ignored.
Processing design ...
   Preping design's networks ...
   Preping design's macros ...
  finished :Prep
Writing EDIF netlist file v6_mBuf_128x72.edif ...
ngc2edif: Total memory usage is 74780 kilobytes

Release 14.5 - ngc2edif P.58f (nt64)
Copyright (c) 1995-2012 Xilinx, Inc.  All rights reserved.
Reading design v6_prime_fifo_plain.ngc ...
WARNING:NetListWriters:298 - No output is written to v6_prime_fifo_plain.xncf,
   ignored.
Processing design ...
   Preping design's networks ...
   Preping design's macros ...
  finished :Prep
Writing EDIF netlist file v6_prime_fifo_plain.edif ...
ngc2edif: Total memory usage is 74972 kilobytes

Release 14.5 - ngc2edif P.58f (nt64)
Copyright (c) 1995-2012 Xilinx, Inc.  All rights reserved.
Reading design v6_bram4096x64.ngc ...
WARNING:NetListWriters:298 - No output is written to v6_bram4096x64.xncf,
   ignored.
Processing design ...
   Preping design's networks ...
   Preping design's macros ...
  finished :Prep
Writing EDIF netlist file v6_bram4096x64.edif ...
ngc2edif: Total memory usage is 75548 kilobytes

Release 14.5 - ngc2edif P.58f (nt64)
Copyright (c) 1995-2012 Xilinx, Inc.  All rights reserved.
Reading design v6_eb_fifo_counted_resized.ngc ...
WARNING:NetListWriters:298 - No output is written to
   v6_eb_fifo_counted_resized.xncf, ignored.
Processing design ...
   Preping design's networks ...
   Preping design's macros ...
  finished :Prep
Writing EDIF netlist file v6_eb_fifo_counted_resized.edif ...
ngc2edif: Total memory usage is 82268 kilobytes

Release 14.7 - ngc2edif P.20131013 (lin64)
Copyright (c) 1995-2013 Xilinx, Inc.  All rights reserved.
Reading design v6_sfifo_15x128.ngc ...
WARNING:NetListWriters:298 - No output is written to v6_sfifo_15x128.xncf,
   ignored.
Processing design ...
   Preping design's networks ...
   Preping design's macros ...
  finished :Prep
Writing EDIF netlist file v6_sfifo_15x128.edif ...
ngc2edif: Total memory usage is 104584 kilobytes

Release 14.7 - ngc2edif P.20131013 (lin64)
Copyright (c) 1995-2013 Xilinx, Inc.  All rights reserved.
Reading design v6_mBuf_128x72.ngc ...
WARNING:NetListWriters:298 - No output is written to v6_mBuf_128x72.xncf,
   ignored.
Processing design ...
   Preping design's networks ...
   Preping design's macros ...
  finished :Prep
Writing EDIF netlist file v6_mBuf_128x72.edif ...
ngc2edif: Total memory usage is 103900 kilobytes

Release 14.7 - ngc2edif P.20131013 (lin64)
Copyright (c) 1995-2013 Xilinx, Inc.  All rights reserved.
Reading design v6_eb_fifo_counted_resized.ngc ...
WARNING:NetListWriters:298 - No output is written to
   v6_eb_fifo_counted_resized.xncf, ignored.
Processing design ...
   Preping design's networks ...
   Preping design's macros ...
  finished :Prep
Writing EDIF netlist file v6_eb_fifo_counted_resized.edif ...
ngc2edif: Total memory usage is 111528 kilobytes

Release 14.7 - ngc2edif P.20131013 (lin64)
Copyright (c) 1995-2013 Xilinx, Inc.  All rights reserved.
Reading design v6_sfifo_15x128.ngc ...
WARNING:NetListWriters:298 - No output is written to v6_sfifo_15x128.xncf,
   ignored.
Processing design ...
   Preping design's networks ...
   Preping design's macros ...
  finished :Prep
Writing EDIF netlist file v6_sfifo_15x128.edif ...
ngc2edif: Total memory usage is 104580 kilobytes

Release 14.7 - ngc2edif P.20131013 (lin64)
Copyright (c) 1995-2013 Xilinx, Inc.  All rights reserved.
Reading design v6_mBuf_128x72.ngc ...
WARNING:NetListWriters:298 - No output is written to v6_mBuf_128x72.xncf,
   ignored.
Processing design ...
   Preping design's networks ...
   Preping design's macros ...
  finished :Prep
Writing EDIF netlist file v6_mBuf_128x72.edif ...
ngc2edif: Total memory usage is 103896 kilobytes

Release 14.7 - ngc2edif P.20131013 (lin64)
Copyright (c) 1995-2013 Xilinx, Inc.  All rights reserved.
Reading design v6_eb_fifo_counted_resized.ngc ...
WARNING:NetListWriters:298 - No output is written to
   v6_eb_fifo_counted_resized.xncf, ignored.
Processing design ...
   Preping design's networks ...
   Preping design's macros ...
  finished :Prep
Writing EDIF netlist file v6_eb_fifo_counted_resized.edif ...
ngc2edif: Total memory usage is 111532 kilobytes

Release 14.7 - ngc2edif P.20131013 (lin64)
Copyright (c) 1995-2013 Xilinx, Inc.  All rights reserved.
Reading design v6_sfifo_15x128.ngc ...
WARNING:NetListWriters:298 - No output is written to v6_sfifo_15x128.xncf,
   ignored.
Processing design ...
   Preping design's networks ...
   Preping design's macros ...
  finished :Prep
Writing EDIF netlist file v6_sfifo_15x128.edif ...
ngc2edif: Total memory usage is 104584 kilobytes

Release 14.7 - ngc2edif P.20131013 (lin64)
Copyright (c) 1995-2013 Xilinx, Inc.  All rights reserved.
Reading design v6_mBuf_128x72.ngc ...
WARNING:NetListWriters:298 - No output is written to v6_mBuf_128x72.xncf,
   ignored.
Processing design ...
   Preping design's networks ...
   Preping design's macros ...
  finished :Prep
Writing EDIF netlist file v6_mBuf_128x72.edif ...
ngc2edif: Total memory usage is 103900 kilobytes

Release 14.7 - ngc2edif P.20131013 (lin64)
Copyright (c) 1995-2013 Xilinx, Inc.  All rights reserved.
Reading design v6_eb_fifo_counted_resized.ngc ...
WARNING:NetListWriters:298 - No output is written to
   v6_eb_fifo_counted_resized.xncf, ignored.
Processing design ...
   Preping design's networks ...
   Preping design's macros ...
  finished :Prep
Writing EDIF netlist file v6_eb_fifo_counted_resized.edif ...
ngc2edif: Total memory usage is 111528 kilobytes

Release 14.7 - ngc2edif P.20131013 (lin64)
Copyright (c) 1995-2013 Xilinx, Inc.  All rights reserved.
Reading design v6_sfifo_15x128.ngc ...
WARNING:NetListWriters:298 - No output is written to v6_sfifo_15x128.xncf,
   ignored.
Processing design ...
   Preping design's networks ...
   Preping design's macros ...
  finished :Prep
Writing EDIF netlist file v6_sfifo_15x128.edif ...
ngc2edif: Total memory usage is 104580 kilobytes

Release 14.7 - ngc2edif P.20131013 (lin64)
Copyright (c) 1995-2013 Xilinx, Inc.  All rights reserved.
Reading design v6_mBuf_128x72.ngc ...
WARNING:NetListWriters:298 - No output is written to v6_mBuf_128x72.xncf,
   ignored.
Processing design ...
   Preping design's networks ...
   Preping design's macros ...
  finished :Prep
Writing EDIF netlist file v6_mBuf_128x72.edif ...
ngc2edif: Total memory usage is 103904 kilobytes

Release 14.7 - ngc2edif P.20131013 (lin64)
Copyright (c) 1995-2013 Xilinx, Inc.  All rights reserved.
Reading design v6_eb_fifo_counted_resized.ngc ...
WARNING:NetListWriters:298 - No output is written to
   v6_eb_fifo_counted_resized.xncf, ignored.
Processing design ...
   Preping design's networks ...
   Preping design's macros ...
  finished :Prep
Writing EDIF netlist file v6_eb_fifo_counted_resized.edif ...
ngc2edif: Total memory usage is 111532 kilobytes

